La génération a démarré 27/10/2015 01:42:27.
     1>Projet "C:\Users\Anthony\Documents\Visual Studio 2015\Projects\Escape\Escape\Escape.vcxproj" sur le nœud 2 (Build cible(s)).
     1>ClCompile:
         C:\Program Files (x86)\Microsoft Visual Studio 14.0\VC\bin\CL.exe /c /I"C:\SFML-2.3.2\include" /Zi /nologo /W3 /WX- /sdl /O2 /Oi /Oy- /GL /D _MBCS /Gm- /EHsc /MD /GS /Gy /fp:precise /Zc:wchar_t /Zc:forScope /Zc:inline /Fo"Release\\" /Fd"Release\vc140.pdb" /Gd /TP /analyze- /errorReport:prompt Jeu.cpp
         Jeu.cpp
     1>c:\users\anthony\documents\visual studio 2015\projects\escape\escape\TileMap.cpp(32): warning C4244: 'argument' : conversion de 'unsigned int' en 'float', perte possible de données
     1>c:\users\anthony\documents\visual studio 2015\projects\escape\escape\TileMap.cpp(33): warning C4244: 'argument' : conversion de 'unsigned int' en 'float', perte possible de données
     1>c:\users\anthony\documents\visual studio 2015\projects\escape\escape\TileMap.cpp(34): warning C4244: 'argument' : conversion de 'unsigned int' en 'float', perte possible de données
     1>c:\users\anthony\documents\visual studio 2015\projects\escape\escape\TileMap.cpp(35): warning C4244: 'argument' : conversion de 'unsigned int' en 'float', perte possible de données
     1>c:\users\anthony\documents\visual studio 2015\projects\escape\escape\TileMap.cpp(38): warning C4244: 'argument' : conversion de 'unsigned int' en 'float', perte possible de données
     1>c:\users\anthony\documents\visual studio 2015\projects\escape\escape\TileMap.cpp(39): warning C4244: 'argument' : conversion de 'unsigned int' en 'float', perte possible de données
     1>c:\users\anthony\documents\visual studio 2015\projects\escape\escape\TileMap.cpp(40): warning C4244: 'argument' : conversion de 'unsigned int' en 'float', perte possible de données
     1>c:\users\anthony\documents\visual studio 2015\projects\escape\escape\TileMap.cpp(41): warning C4244: 'argument' : conversion de 'unsigned int' en 'float', perte possible de données
     1>Jeu.cpp(93): warning C4244: 'argument' : conversion de 'int' en 'float', perte possible de données
     1>Jeu.cpp(102): warning C4244: 'argument' : conversion de 'int' en 'float', perte possible de données
     1>Jeu.cpp(109): warning C4244: 'argument' : conversion de 'int' en 'float', perte possible de données
     1>Jeu.cpp(116): warning C4244: 'argument' : conversion de 'int' en 'float', perte possible de données
     1>Jeu.cpp(123): warning C4244: 'argument' : conversion de 'int' en 'float', perte possible de données
     1>Jeu.cpp(163): warning C4244: 'argument' : conversion de 'float' en 'int', perte possible de données
     1>Jeu.cpp(164): warning C4244: 'argument' : conversion de 'float' en 'int', perte possible de données
     1>Jeu.cpp(165): warning C4244: 'argument' : conversion de 'float' en 'int', perte possible de données
     1>Jeu.cpp(217): warning C4244: 'argument' : conversion de 'int' en 'float', perte possible de données
     1>Jeu.cpp(221): warning C4244: 'argument' : conversion de 'int' en 'float', perte possible de données
     1>Jeu.cpp(225): warning C4244: 'argument' : conversion de 'int' en 'float', perte possible de données
     1>Jeu.cpp(229): warning C4244: 'argument' : conversion de 'int' en 'float', perte possible de données
     1>Jeu.cpp(237): warning C4244: 'argument' : conversion de 'int' en 'float', perte possible de données
     1>Jeu.cpp(239): warning C4244: 'argument' : conversion de 'int' en 'float', perte possible de données
     1>Jeu.cpp(266): warning C4018: '>=' : incompatibilité signed/unsigned
     1>Jeu.cpp(278): warning C4244: 'argument' : conversion de 'int' en 'float', perte possible de données
     1>Jeu.cpp(279): warning C4244: 'argument' : conversion de 'int' en 'float', perte possible de données
     1>Jeu.cpp(287): warning C4244: 'argument' : conversion de 'int' en 'float', perte possible de données
       Link:
         C:\Program Files (x86)\Microsoft Visual Studio 14.0\VC\bin\link.exe /ERRORREPORT:PROMPT /OUT:"C:\Users\Anthony\Documents\Visual Studio 2015\Projects\Escape\Release\Escape.exe" /NOLOGO /LIBPATH:"C:\SFML-2.3.2\lib" "sfml-audio.lib" "sfml-network.lib" "sfml-graphics.lib" "sfml-window.lib" "sfml-system.lib" "sfml-main.lib" kernel32.lib user32.lib gdi32.lib winspool.lib comdlg32.lib advapi32.lib shell32.lib ole32.lib oleaut32.lib uuid.lib odbc32.lib odbccp32.lib /MANIFEST /MANIFESTUAC:"level='asInvoker' uiAccess='false'" /manifest:embed /Debug /PDB:"C:\Users\Anthony\Documents\Visual Studio 2015\Projects\Escape\Release\Escape.pdb" /OPT:REF /OPT:ICF /LTCG:incremental /TLBID:1 /DYNAMICBASE /NXCOMPAT /IMPLIB:"C:\Users\Anthony\Documents\Visual Studio 2015\Projects\Escape\Release\Escape.lib" /MACHINE:X86 /SAFESEH Release\Hero.obj
         Release\Jeu.obj
         Release\Particules.obj
         Release\TileMap.obj
         Génération de code en cours
         2 of 175 functions ( 1.1%) were compiled, the rest were copied from previous compilation.
           0 functions were new in current compilation
           0 functions had inline decision re-evaluated but remain unchanged
         Fin de la génération du code
         Escape.vcxproj -> C:\Users\Anthony\Documents\Visual Studio 2015\Projects\Escape\Release\Escape.exe
     1>Génération du projet "C:\Users\Anthony\Documents\Visual Studio 2015\Projects\Escape\Escape\Escape.vcxproj" terminée (Build cible(s)).

La génération a réussi.

Temps écoulé 00:00:01.43
