La génération a démarré 17/10/2015 21:34:38.
     1>Projet "C:\Users\Anthony\Documents\Visual Studio 2015\Projects\Escape\Escape\Escape.vcxproj" sur le nœud 2 (Build cible(s)).
     1>ClCompile:
         C:\Program Files (x86)\Microsoft Visual Studio 14.0\VC\bin\CL.exe /c /I"C:\SFML-2.3.2\include" /ZI /nologo /W3 /WX- /sdl /Od /Oy- /D _MBCS /Gm /EHsc /RTC1 /MDd /GS /fp:precise /Zc:wchar_t /Zc:forScope /Zc:inline /Fo"Debug\\" /Fd"Debug\vc140.pdb" /Gd /TP /analyze- /errorReport:prompt Jeu.cpp Particules.cpp
         Particules.cpp
         Jeu.cpp
     1>c:\users\anthony\documents\visual studio 2015\projects\escape\escape\jeu.cpp(79): warning C4244: 'argument' : conversion de 'float' en 'int', perte possible de données
     1>c:\users\anthony\documents\visual studio 2015\projects\escape\escape\jeu.cpp(80): warning C4244: 'argument' : conversion de 'float' en 'int', perte possible de données
     1>c:\users\anthony\documents\visual studio 2015\projects\escape\escape\jeu.cpp(81): warning C4244: 'argument' : conversion de 'float' en 'int', perte possible de données
     1>c:\users\anthony\documents\visual studio 2015\projects\escape\escape\jeu.cpp(120): warning C4244: 'argument' : conversion de 'int' en 'float', perte possible de données
     1>c:\users\anthony\documents\visual studio 2015\projects\escape\escape\jeu.cpp(124): warning C4244: 'argument' : conversion de 'int' en 'float', perte possible de données
     1>c:\users\anthony\documents\visual studio 2015\projects\escape\escape\jeu.cpp(128): warning C4244: 'argument' : conversion de 'int' en 'float', perte possible de données
     1>c:\users\anthony\documents\visual studio 2015\projects\escape\escape\jeu.cpp(132): warning C4244: 'argument' : conversion de 'int' en 'float', perte possible de données
     1>c:\users\anthony\documents\visual studio 2015\projects\escape\escape\jeu.cpp(160): warning C4018: '>=' : incompatibilité signed/unsigned
     1>c:\users\anthony\documents\visual studio 2015\projects\escape\escape\jeu.cpp(172): warning C4244: 'argument' : conversion de 'int' en 'float', perte possible de données
     1>c:\users\anthony\documents\visual studio 2015\projects\escape\escape\jeu.cpp(173): warning C4244: 'argument' : conversion de 'int' en 'float', perte possible de données
     1>c:\users\anthony\documents\visual studio 2015\projects\escape\escape\jeu.cpp(181): warning C4244: 'argument' : conversion de 'int' en 'float', perte possible de données
         Génération de code en cours...
       Link:
         C:\Program Files (x86)\Microsoft Visual Studio 14.0\VC\bin\link.exe /ERRORREPORT:PROMPT /OUT:"C:\Users\Anthony\Documents\Visual Studio 2015\Projects\Escape\Debug\Escape.exe" /INCREMENTAL /NOLOGO /LIBPATH:"C:\SFML-2.3.2\lib" "sfml-audio.lib" "sfml-network.lib" "sfml-graphics.lib" "sfml-window.lib" "sfml-system.lib" "sfml-main.lib" kernel32.lib user32.lib gdi32.lib winspool.lib comdlg32.lib advapi32.lib shell32.lib ole32.lib oleaut32.lib uuid.lib odbc32.lib odbccp32.lib /MANIFEST /MANIFESTUAC:"level='asInvoker' uiAccess='false'" /manifest:embed /Debug /PDB:"C:\Users\Anthony\Documents\Visual Studio 2015\Projects\Escape\Debug\Escape.pdb" /TLBID:1 /DYNAMICBASE /NXCOMPAT /IMPLIB:"C:\Users\Anthony\Documents\Visual Studio 2015\Projects\Escape\Debug\Escape.lib" /MACHINE:X86 Debug\Jeu.obj
         Debug\Particules.obj
         Escape.vcxproj -> C:\Users\Anthony\Documents\Visual Studio 2015\Projects\Escape\Debug\Escape.exe
     1>Génération du projet "C:\Users\Anthony\Documents\Visual Studio 2015\Projects\Escape\Escape\Escape.vcxproj" terminée (Build cible(s)).

La génération a réussi.

Temps écoulé 00:00:03.52
